\BOOKMARK [0][]{thuchapter.1.0}{目 录}{}% 1
\BOOKMARK [0][]{chapter.1}{1 绪论}{}% 2
\BOOKMARK [1][-]{section.1.1}{1.1 引言}{chapter.1}% 3
\BOOKMARK [1][-]{section.1.2}{1.2 国内外研究现状}{chapter.1}% 4
\BOOKMARK [1][-]{section.1.3}{1.3 课题背景与研究意义}{chapter.1}% 5
\BOOKMARK [1][-]{section.1.4}{1.4 主要工作内容及安排}{chapter.1}% 6
\BOOKMARK [0][]{chapter.2}{2 角毛藻显微图像特征提取}{}% 7
\BOOKMARK [1][-]{section.2.1}{2.1 灰度曲面方向角模型}{chapter.2}% 8
\BOOKMARK [1][-]{section.2.2}{2.2 实验结果}{chapter.2}% 9
\BOOKMARK [2][-]{subsection.2.2.1}{2.2.1 实验前的预处理操作}{section.2.2}% 10
\BOOKMARK [2][-]{subsection.2.2.2}{2.2.2 角毛藻显微图像特征提取结果}{section.2.2}% 11
\BOOKMARK [1][-]{section.2.3}{2.3 本章小结}{chapter.2}% 12
\BOOKMARK [0][]{chapter.3}{3 连通区域的预分割}{}% 13
\BOOKMARK [1][-]{section.3.1}{3.1 大津法}{chapter.3}% 14
\BOOKMARK [1][-]{section.3.2}{3.2 实验结果}{chapter.3}% 15
\BOOKMARK [1][-]{section.3.3}{3.3 本章小结}{chapter.3}% 16
\BOOKMARK [0][]{chapter.4}{4 支持向量机分类与后续处理}{}% 17
\BOOKMARK [1][-]{section.4.1}{4.1 支持向量机}{chapter.4}% 18
\BOOKMARK [2][-]{subsection.4.1.1}{4.1.1 实际风险、经验风险与结构风险}{section.4.1}% 19
\BOOKMARK [3][-]{subsubsection.4.1.1.1}{4.1.1.1 实际风险}{subsection.4.1.1}% 20
\BOOKMARK [3][-]{subsubsection.4.1.1.2}{4.1.1.2 经验风险}{subsection.4.1.1}% 21
\BOOKMARK [3][-]{subsubsection.4.1.1.3}{4.1.1.3 结构风险}{subsection.4.1.1}% 22
\BOOKMARK [2][-]{subsection.4.1.2}{4.1.2 线性情况与非线性情况}{section.4.1}% 23
\BOOKMARK [3][-]{subsubsection.4.1.2.1}{4.1.2.1 线性情况}{subsection.4.1.2}% 24
\BOOKMARK [3][-]{subsubsection.4.1.2.2}{4.1.2.2 非线性情况}{subsection.4.1.2}% 25
\BOOKMARK [2][-]{subsection.4.1.3}{4.1.3 常见的核函数}{section.4.1}% 26
\BOOKMARK [1][-]{section.4.2}{4.2 实验结果}{chapter.4}% 27
\BOOKMARK [1][-]{section.4.3}{4.3 本章小结}{chapter.4}% 28
\BOOKMARK [0][]{chapter.5}{5 总结与展望}{}% 29
\BOOKMARK [1][-]{section.5.1}{5.1 总结}{chapter.5}% 30
\BOOKMARK [1][-]{section.5.2}{5.2 展望}{chapter.5}% 31
\BOOKMARK [0][]{section*.16}{参考文献}{}% 32
\BOOKMARK [0][]{section*.18}{致 谢}{}% 33
